\BOOKMARK [1][-]{section.1}{\376\377\000I\000n\000t\000r\000o\000d\000u\000c\000t\000i\000o\000n}{}% 1
\BOOKMARK [2][-]{subsection.1.1}{\376\377\000L\000e\000\040\000p\000r\000o\000j\000e\000t\000\040\000B\000R\000A\000M\000S}{section.1}% 2
\BOOKMARK [3][-]{subsubsection.1.1.1}{\376\377\000L\000e\000\040\000R\000\351\000s\000e\000a\000u\000\040\000B\000R\000A\000M\000S}{subsection.1.1}% 3
\BOOKMARK [3][-]{subsubsection.1.1.2}{\376\377\000L\000e\000\040\000F\000o\000r\000m\000a\000t\000\040\000W\000A\000V}{subsection.1.1}% 4
\BOOKMARK [3][-]{subsubsection.1.1.3}{\376\377\000L\000a\000\040\000R\000\351\000f\000l\000e\000x\000i\000o\000n\000\040\000S\000p\000\351\000c\000u\000l\000a\000i\000r\000e}{subsection.1.1}% 5
\BOOKMARK [3][-]{subsubsection.1.1.4}{\376\377\000L\000e\000s\000\040\000D\000o\000n\000n\000\351\000e\000s\000\040\000B\000R\000A\000M\000S}{subsection.1.1}% 6
\BOOKMARK [3][-]{subsubsection.1.1.5}{\376\377\000L\000'\000A\000r\000c\000h\000i\000v\000e\000\040\000B\000R\000A\000M\000S}{subsection.1.1}% 7
\BOOKMARK [2][-]{subsection.1.2}{\376\377\000P\000r\000o\000b\000l\000\351\000m\000a\000t\000i\000q\000u\000e\000\040\000l\000i\000\351\000e\000\040\000\340\000\040\000l\000'\000\351\000t\000u\000d\000e\000\040\000d\000e\000s\000\040\000d\000o\000n\000n\000\351\000e\000s\000\040\000B\000R\000A\000M\000S}{section.1}% 8
\BOOKMARK [1][-]{section.2}{\376\377\000M\000\351\000t\000h\000o\000d\000o\000l\000o\000g\000i\000e}{}% 9
\BOOKMARK [1][-]{section.3}{\376\377\000T\000e\000c\000h\000n\000o\000l\000o\000g\000i\000e\000s\000\040\000u\000t\000i\000l\000i\000s\000\351\000e\000s}{}% 10
\BOOKMARK [2][-]{subsection.3.1}{\376\377\000P\000y\000t\000h\000o\000n}{section.3}% 11
\BOOKMARK [3][-]{subsubsection.3.1.1}{\376\377\000L\000i\000b\000r\000a\000i\000r\000i\000e\000s\000\040\000U\000t\000i\000l\000i\000s\000\351\000e\000s}{subsection.3.1}% 12
\BOOKMARK [2][-]{subsection.3.2}{\376\377\000M\000a\000r\000i\000a\000D\000B}{section.3}% 13
\BOOKMARK [1][-]{section.4}{\376\377\000L\000e\000c\000t\000u\000r\000e\000\040\000d\000e\000s\000\040\000F\000i\000c\000h\000i\000e\000r\000s\000\040\000B\000R\000A\000M\000S}{}% 14
\BOOKMARK [2][-]{subsection.4.1}{\376\377\000F\000o\000n\000c\000t\000i\000o\000n\000n\000e\000m\000e\000n\000t\000\040\000d\000u\000\040\000M\000o\000d\000u\000l\000e}{section.4}% 15
\BOOKMARK [3][-]{subsubsection.4.1.1}{\376\377\000L\000a\000\040\000m\000\351\000t\000h\000o\000d\000e\000\040\000F\000F\000T}{subsection.4.1}% 16
\BOOKMARK [1][-]{section.5}{\376\377\000M\000o\000n\000i\000t\000o\000r\000i\000n\000g\000\040\000d\000e\000s\000\040\000D\000o\000n\000n\000\351\000e\000s\000\040\000B\000R\000A\000M\000S}{}% 17
\BOOKMARK [2][-]{subsection.5.1}{\376\377\000F\000o\000n\000c\000t\000i\000o\000n\000n\000e\000m\000e\000n\000t\000\040\000d\000u\000\040\000P\000r\000o\000g\000r\000a\000m\000m\000e}{section.5}% 18
\BOOKMARK [2][-]{subsection.5.2}{\376\377\000R\000\351\000s\000u\000l\000t\000a\000t\000s}{section.5}% 19
\BOOKMARK [1][-]{section.6}{\376\377\000D\000\351\000t\000e\000c\000t\000i\000o\000n\000\040\000d\000e\000s\000\040\000M\000\351\000t\000\351\000o\000r\000e\000s}{}% 20
\BOOKMARK [2][-]{subsection.6.1}{\376\377\000A\000n\000a\000l\000y\000s\000e}{section.6}% 21
\BOOKMARK [2][-]{subsection.6.2}{\376\377\000F\000o\000n\000c\000t\000i\000o\000n\000n\000e\000m\000e\000n\000t\000\040\000d\000u\000\040\000P\000r\000o\000g\000r\000a\000m\000m\000e}{section.6}% 22
\BOOKMARK [1][-]{section.7}{\376\377\000P\000i\000s\000t\000e\000s\000\040\000d\000'\000A\000m\000\351\000l\000i\000o\000r\000a\000t\000i\000o\000n\000s}{}% 23
\BOOKMARK [1][-]{section.8}{\376\377\000C\000o\000n\000c\000l\000u\000s\000i\000o\000n}{}% 24
\BOOKMARK [1][-]{section.9}{\376\377\000A\000n\000n\000e\000x\000e\000s}{}% 25
